{
  "stats": {
    "suites": 1,
    "tests": 1,
    "passes": 1,
    "pending": 0,
    "failures": 0,
    "start": "2024-05-16T06:27:07.464Z",
    "end": "2024-05-16T06:27:32.772Z",
    "duration": 25308,
    "testsRegistered": 1,
    "passPercent": 100,
    "pendingPercent": 0,
    "other": 0,
    "hasOther": false,
    "skipped": 0,
    "hasSkipped": false
  },
  "results": [
    {
      "uuid": "ddf94d4b-ddba-49b0-a92b-9d6e063117ad",
      "title": "",
      "fullFile": "cypress\\e2e\\Demo\\addUser.cy.js",
      "file": "cypress\\e2e\\Demo\\addUser.cy.js",
      "beforeHooks": [],
      "afterHooks": [],
      "tests": [],
      "suites": [
        {
          "uuid": "a1c3fd90-677b-40a6-87c9-8f39cc095cba",
          "title": "Add User",
          "fullFile": "",
          "file": "",
          "beforeHooks": [],
          "afterHooks": [],
          "tests": [
            {
              "title": "User addition successful",
              "fullTitle": "Add User User addition successful",
              "timedOut": null,
              "duration": 25229,
              "state": "passed",
              "speed": "slow",
              "pass": true,
              "fail": false,
              "pending": false,
              "context": null,
              "code": "cy.visit(\"/admin/saveSystemUser\");\ncy.get(\"form > div:nth-of-type(1) > div > div:nth-of-type(1) i\").click(); //User role\ncy.get('[role=\"listbox\"]').contains(\"Admin\").click();\ncy.get(\"div:nth-of-type(3) i\").click(); //Status\ncy.get('[role=\"listbox\"]').contains(\"Enabled\").click();\ncy.get(\"input[placeholder='Type for hints...']\").type(\"john\"); //Employee name\n//cy.get('[role=\"listbox\"]').should('contain', 'john').contains(\"John Knox\").click() // select name\n//cy.get('div.oxd-autocomplete-dropdown.--positon-bottom').should('contain', 'John').should('have.value', \"\").click() // select any name\ncy.get('[role=\"listbox\"]').contains('john', {\n  matchCase: false\n}).should('have.value', \"\").click();\n//random user name\nfunction user_name() {\n  var text = \"\";\n  var possible = \"ABCDEFGHIJKLMNOPQRSTUVWXYZabcdefghijklmnopqrstuvwxyz0123456789\";\n  for (var i = 0; i < 5; i++) text += possible.charAt(Math.floor(Math.random() * possible.length));\n  return text;\n}\nvar username = user_name();\ncy.get(\"div:nth-of-type(4) input\").type(username); //User name\ncy.get(\"div.user-password-cell input\").type(\"Admin@123\"); //Password\ncy.get(\"div.user-password-row > div > div:nth-of-type(2) input\").type(\"Admin@123\"); //Confirm password\ncy.get(\"button[type='submit']\").click();\ncy.get(\"div.oxd-toast-content\").should('contain', 'Success');\ncy.get(\"div.oxd-toast-content\").should('contain', 'Successfully Saved');",
              "err": {},
              "uuid": "4dcddbf1-865f-4042-8195-462e7e0986ff",
              "parentUUID": "a1c3fd90-677b-40a6-87c9-8f39cc095cba",
              "isHook": false,
              "skipped": false
            }
          ],
          "suites": [],
          "passes": [
            "4dcddbf1-865f-4042-8195-462e7e0986ff"
          ],
          "failures": [],
          "pending": [],
          "skipped": [],
          "duration": 25229,
          "root": false,
          "rootEmpty": false,
          "_timeout": 2000
        }
      ],
      "passes": [],
      "failures": [],
      "pending": [],
      "skipped": [],
      "duration": 0,
      "root": true,
      "rootEmpty": true,
      "_timeout": 2000
    }
  ],
  "meta": {
    "mocha": {
      "version": "7.0.1"
    },
    "mochawesome": {
      "options": {
        "quiet": false,
        "reportFilename": "mochawesome",
        "saveHtml": false,
        "saveJson": true,
        "consoleReporter": "spec",
        "useInlineDiffs": false,
        "code": true
      },
      "version": "7.1.3"
    },
    "marge": {
      "options": {
        "overwrite": false,
        "html": false,
        "json": true
      },
      "version": "6.2.0"
    }
  }
}