{
  "stats": {
    "suites": 1,
    "tests": 5,
    "passes": 5,
    "pending": 0,
    "failures": 0,
    "start": "2024-05-16T06:27:49.767Z",
    "end": "2024-05-16T06:28:42.427Z",
    "duration": 52660,
    "testsRegistered": 5,
    "passPercent": 100,
    "pendingPercent": 0,
    "other": 0,
    "hasOther": false,
    "skipped": 0,
    "hasSkipped": false
  },
  "results": [
    {
      "uuid": "1083ae31-81e4-4fca-80a3-91151184fcf2",
      "title": "",
      "fullFile": "cypress\\e2e\\Demo\\validateUserAddition.cy.js",
      "file": "cypress\\e2e\\Demo\\validateUserAddition.cy.js",
      "beforeHooks": [],
      "afterHooks": [],
      "tests": [],
      "suites": [
        {
          "uuid": "dd8b6c31-4b8d-4619-908e-07087f11bb36",
          "title": "Validate user addition",
          "fullFile": "",
          "file": "",
          "beforeHooks": [],
          "afterHooks": [],
          "tests": [
            {
              "title": "Test case 1: Verify the validation for all fields have been left empty",
              "fullTitle": "Validate user addition Test case 1: Verify the validation for all fields have been left empty",
              "timedOut": null,
              "duration": 14073,
              "state": "passed",
              "speed": "slow",
              "pass": true,
              "fail": false,
              "pending": false,
              "context": null,
              "code": "cy.visit(\"/admin/saveSystemUser\");\ncy.get(\"form > div:nth-of-type(1) > div > div:nth-of-type(1) i\").click();\ncy.get(\"button[type='submit']\").click();\ncy.get(\"form > div:nth-of-type(1) > div > div:nth-of-type(1) span\").should('contain', 'Required');\ncy.get(\"form > div:nth-of-type(1) > div > div:nth-of-type(2) span\").should('contain', 'Required');\ncy.get(\"div:nth-of-type(3) span\").should('contain', 'Required');\ncy.get(\"div:nth-of-type(4) span\").should('contain', 'Required');\ncy.get(\"div.user-password-cell span\").should('contain', 'Required');\ncy.get(\"div.user-password-row > div > div:nth-of-type(2) span\").should('contain', 'Passwords do not match');",
              "err": {},
              "uuid": "75c98c7a-1374-4085-bed5-b88917d49822",
              "parentUUID": "dd8b6c31-4b8d-4619-908e-07087f11bb36",
              "isHook": false,
              "skipped": false
            },
            {
              "title": "Test case 2: Verify the validation for Employee Name Not Found",
              "fullTitle": "Validate user addition Test case 2: Verify the validation for Employee Name Not Found",
              "timedOut": null,
              "duration": 10222,
              "state": "passed",
              "speed": "slow",
              "pass": true,
              "fail": false,
              "pending": false,
              "context": null,
              "code": "cy.visit(\"/admin/saveSystemUser\");\ncy.get(\"input[placeholder='Type for hints...']\").type(\"adminnn\");\ncy.get('[role=\"listbox\"]').should('contain', 'No Records Found');\ncy.get('body').click();\ncy.get(\"form > div:nth-of-type(1) > div > div:nth-of-type(2) span\").should('contain', 'Invalid');",
              "err": {},
              "uuid": "0b5fc2b2-f265-4670-81a9-48d68b5a8fe5",
              "parentUUID": "dd8b6c31-4b8d-4619-908e-07087f11bb36",
              "isHook": false,
              "skipped": false
            },
            {
              "title": "Test case 3: Verify the validation for Username",
              "fullTitle": "Validate user addition Test case 3: Verify the validation for Username",
              "timedOut": null,
              "duration": 8442,
              "state": "passed",
              "speed": "medium",
              "pass": true,
              "fail": false,
              "pending": false,
              "context": null,
              "code": "cy.visit(\"/admin/saveSystemUser\");\ncy.get(\"div:nth-of-type(4) input\").type(\"demo\");\ncy.get(\"div:nth-of-type(4) span\").should('contain', 'Should be at least 5 characters'); // < 5 chars\ncy.get(\"div:nth-of-type(4) input\").clear();\ncy.get(\"div:nth-of-type(4) input\").type(\"admin\");\ncy.get(\"div:nth-of-type(4) span\").should('contain', 'Already exists'); //user is existed",
              "err": {},
              "uuid": "442287ee-62d9-4746-815d-702a0aaf0c24",
              "parentUUID": "dd8b6c31-4b8d-4619-908e-07087f11bb36",
              "isHook": false,
              "skipped": false
            },
            {
              "title": "Test case 4: Verify the validation for Password",
              "fullTitle": "Validate user addition Test case 4: Verify the validation for Password",
              "timedOut": null,
              "duration": 12899,
              "state": "passed",
              "speed": "slow",
              "pass": true,
              "fail": false,
              "pending": false,
              "context": null,
              "code": "cy.visit(\"/admin/saveSystemUser\");\ncy.get(\"div.user-password-cell input\").type(\"admin\"); // < 7 chars\ncy.get(\"div.user-password-cell span\").should('contain', 'Should have at least 7 characters');\ncy.get('.oxd-chip').should('contain', 'Very Weak');\ncy.get(\"div.user-password-cell input\").clear();\ncy.get(\"div.user-password-cell input\").type(\"admindemo\"); // > 7 chars\ncy.get(\"div.user-password-cell span\").should('contain', 'Your password must contain minimum 1 number');\ncy.get('.oxd-chip').should('contain', 'Better');\ncy.get(\"div.user-password-cell input\").clear();\ncy.get(\"div.user-password-cell input\").type(\"Admindemo\"); //lowercase, uppercase\ncy.get('.oxd-chip').should('contain', 'Better');\ncy.get(\"div.user-password-cell input\").clear();\ncy.get(\"div.user-password-cell input\").type(\"Admindemo123\"); //lowercase, uppercase, number\ncy.get('.oxd-chip').should('contain', 'Strong');\ncy.get(\"div.user-password-cell input\").clear();\ncy.get(\"div.user-password-cell input\").type(\"Admin@123\"); //lowercase, uppercase, number, symbol\ncy.get('.oxd-chip').should('contain', 'Better');",
              "err": {},
              "uuid": "6d2deecb-5ac6-466a-8c4d-a55e6cd59dd4",
              "parentUUID": "dd8b6c31-4b8d-4619-908e-07087f11bb36",
              "isHook": false,
              "skipped": false
            },
            {
              "title": "Test case 5: Verify the validation for Confirm Password",
              "fullTitle": "Validate user addition Test case 5: Verify the validation for Confirm Password",
              "timedOut": null,
              "duration": 6698,
              "state": "passed",
              "speed": "medium",
              "pass": true,
              "fail": false,
              "pending": false,
              "context": null,
              "code": "cy.visit(\"/admin/saveSystemUser\");\ncy.get(\"div.user-password-row > div > div:nth-of-type(2) input\").type(\"Admin@1\");\ncy.get(\"div.user-password-row > div > div:nth-of-type(2) span\").should('contain', 'Passwords do not match');",
              "err": {},
              "uuid": "53e3b976-186b-4f7e-ba86-d6656dde3d1b",
              "parentUUID": "dd8b6c31-4b8d-4619-908e-07087f11bb36",
              "isHook": false,
              "skipped": false
            }
          ],
          "suites": [],
          "passes": [
            "75c98c7a-1374-4085-bed5-b88917d49822",
            "0b5fc2b2-f265-4670-81a9-48d68b5a8fe5",
            "442287ee-62d9-4746-815d-702a0aaf0c24",
            "6d2deecb-5ac6-466a-8c4d-a55e6cd59dd4",
            "53e3b976-186b-4f7e-ba86-d6656dde3d1b"
          ],
          "failures": [],
          "pending": [],
          "skipped": [],
          "duration": 52334,
          "root": false,
          "rootEmpty": false,
          "_timeout": 2000
        }
      ],
      "passes": [],
      "failures": [],
      "pending": [],
      "skipped": [],
      "duration": 0,
      "root": true,
      "rootEmpty": true,
      "_timeout": 2000
    }
  ],
  "meta": {
    "mocha": {
      "version": "7.0.1"
    },
    "mochawesome": {
      "options": {
        "quiet": false,
        "reportFilename": "mochawesome",
        "saveHtml": false,
        "saveJson": true,
        "consoleReporter": "spec",
        "useInlineDiffs": false,
        "code": true
      },
      "version": "7.1.3"
    },
    "marge": {
      "options": {
        "overwrite": false,
        "html": false,
        "json": true
      },
      "version": "6.2.0"
    }
  }
}