{
  "stats": {
    "suites": 1,
    "tests": 1,
    "passes": 1,
    "pending": 0,
    "failures": 0,
    "start": "2024-05-16T06:27:34.762Z",
    "end": "2024-05-16T06:27:47.635Z",
    "duration": 12873,
    "testsRegistered": 1,
    "passPercent": 100,
    "pendingPercent": 0,
    "other": 0,
    "hasOther": false,
    "skipped": 0,
    "hasSkipped": false
  },
  "results": [
    {
      "uuid": "f9f99fa2-a1d9-458b-bc93-87db09ba4859",
      "title": "",
      "fullFile": "cypress\\e2e\\Demo\\login.cy.js",
      "file": "cypress\\e2e\\Demo\\login.cy.js",
      "beforeHooks": [],
      "afterHooks": [],
      "tests": [],
      "suites": [
        {
          "uuid": "82db19bf-3829-4c03-bae6-9021f51d42ef",
          "title": "Login",
          "fullFile": "",
          "file": "",
          "beforeHooks": [],
          "afterHooks": [],
          "tests": [
            {
              "title": "Login successful",
              "fullTitle": "Login Login successful",
              "timedOut": null,
              "duration": 12838,
              "state": "passed",
              "speed": "slow",
              "pass": true,
              "fail": false,
              "pending": false,
              "context": null,
              "code": "var _this$dataAdmin = this.dataAdmin,\n  username = _this$dataAdmin.username,\n  password = _this$dataAdmin.password;\ncy.loginHRM(username, password);\ncy.url().should(\"include\", \"/dashboard/index\");",
              "err": {},
              "uuid": "405ed0c8-a626-4d03-8a8b-f35b8f77b6b8",
              "parentUUID": "82db19bf-3829-4c03-bae6-9021f51d42ef",
              "isHook": false,
              "skipped": false
            }
          ],
          "suites": [],
          "passes": [
            "405ed0c8-a626-4d03-8a8b-f35b8f77b6b8"
          ],
          "failures": [],
          "pending": [],
          "skipped": [],
          "duration": 12838,
          "root": false,
          "rootEmpty": false,
          "_timeout": 2000
        }
      ],
      "passes": [],
      "failures": [],
      "pending": [],
      "skipped": [],
      "duration": 0,
      "root": true,
      "rootEmpty": true,
      "_timeout": 2000
    }
  ],
  "meta": {
    "mocha": {
      "version": "7.0.1"
    },
    "mochawesome": {
      "options": {
        "quiet": false,
        "reportFilename": "mochawesome",
        "saveHtml": false,
        "saveJson": true,
        "consoleReporter": "spec",
        "useInlineDiffs": false,
        "code": true
      },
      "version": "7.1.3"
    },
    "marge": {
      "options": {
        "overwrite": false,
        "html": false,
        "json": true
      },
      "version": "6.2.0"
    }
  }
}