{
  "stats": {
    "suites": 1,
    "tests": 1,
    "passes": 0,
    "pending": 0,
    "failures": 1,
    "start": "2024-05-14T13:00:59.099Z",
    "end": "2024-05-14T13:01:26.983Z",
    "duration": 27884,
    "testsRegistered": 5,
    "passPercent": 0,
    "pendingPercent": 0,
    "other": 0,
    "hasOther": false,
    "skipped": 4,
    "hasSkipped": true
  },
  "results": [
    {
      "uuid": "71581f44-b15b-4b19-9bf1-c6efb323b7ae",
      "title": "",
      "fullFile": "cypress/e2e/Demo/validateUserAddition.cy.js",
      "file": "cypress/e2e/Demo/validateUserAddition.cy.js",
      "beforeHooks": [],
      "afterHooks": [],
      "tests": [],
      "suites": [
        {
          "uuid": "4a59d47b-6a3f-4339-b96d-93e44454b694",
          "title": "Validate user addition",
          "fullFile": "",
          "file": "",
          "beforeHooks": [],
          "afterHooks": [],
          "tests": [
            {
              "title": "Test case 1: Verify the validation for all fields have been left empty",
              "fullTitle": "Validate user addition Test case 1: Verify the validation for all fields have been left empty",
              "timedOut": null,
              "duration": 27834,
              "state": "failed",
              "speed": null,
              "pass": false,
              "fail": true,
              "pending": false,
              "context": null,
              "code": "cy.visit(\"/admin/saveSystemUser\");\ncy.get(\"form > div:nth-of-type(1) > div > div:nth-of-type(1) i\").click();\ncy.get(\"button[type='submit']\").click();\ncy.get(\"form > div:nth-of-type(1) > div > div:nth-of-type(1) span\").should('contain', 'Required');\ncy.get(\"form > div:nth-of-type(1) > div > div:nth-of-type(2) span\").should('contain', 'Required');\ncy.get(\"div:nth-of-type(3) span\").should('contain', 'Required');\ncy.get(\"div:nth-of-type(4) span\").should('contain', 'Required');\ncy.get(\"div.user-password-cell span\").should('contain', 'Required');\ncy.get(\"div.user-password-row > div > div:nth-of-type(2) span\").should('contain', 'Passwords do not match');",
              "err": {
                "message": "AssertionError: Timed out retrying after 4000ms: Expected to find element: `input[placeholder='Username']`, but never found it.\n\nBecause this error occurred during a `before all` hook we are skipping the remaining tests in the current suite: `Validate user addition`",
                "estack": "AssertionError: Timed out retrying after 4000ms: Expected to find element: `input[placeholder='Username']`, but never found it.\n\nBecause this error occurred during a `before all` hook we are skipping the remaining tests in the current suite: `Validate user addition`\n    at Context.eval (cypress/support/commands.js:45:11)",
                "diff": null
              },
              "uuid": "cfc084a2-b718-4ba3-86cd-bd0dcfd94fd3",
              "parentUUID": "4a59d47b-6a3f-4339-b96d-93e44454b694",
              "isHook": false,
              "skipped": false
            },
            {
              "title": "Test case 2: Verify the validation for Employee Name Not Found",
              "fullTitle": "Validate user addition Test case 2: Verify the validation for Employee Name Not Found",
              "timedOut": null,
              "duration": 0,
              "state": "skipped",
              "speed": null,
              "pass": false,
              "fail": false,
              "pending": false,
              "context": null,
              "code": "cy.visit(\"/admin/saveSystemUser\");\ncy.get(\"input[placeholder='Type for hints...']\").type(\"adminnn\");\ncy.get('[role=\"listbox\"]').should('contain', 'No Records Found');\ncy.get('body').click();\ncy.get(\"form > div:nth-of-type(1) > div > div:nth-of-type(2) span\").should('contain', 'Invalid');",
              "err": {},
              "uuid": "a6017d05-a93a-482d-be5a-c6834a8c0156",
              "parentUUID": "4a59d47b-6a3f-4339-b96d-93e44454b694",
              "isHook": false,
              "skipped": true
            },
            {
              "title": "Test case 3: Verify the validation for Username",
              "fullTitle": "Validate user addition Test case 3: Verify the validation for Username",
              "timedOut": null,
              "duration": 0,
              "state": "skipped",
              "speed": null,
              "pass": false,
              "fail": false,
              "pending": false,
              "context": null,
              "code": "cy.visit(\"/admin/saveSystemUser\");\ncy.get(\"div:nth-of-type(4) input\").type(\"demo\");\ncy.get(\"div:nth-of-type(4) span\").should('contain', 'Should be at least 5 characters'); // < 5 chars\ncy.get(\"div:nth-of-type(4) input\").clear();\ncy.get(\"div:nth-of-type(4) input\").type(\"admin\");\ncy.get(\"div:nth-of-type(4) span\").should('contain', 'Already exists'); //user is existed",
              "err": {},
              "uuid": "0686475a-503d-4014-aa6d-779be95e14fd",
              "parentUUID": "4a59d47b-6a3f-4339-b96d-93e44454b694",
              "isHook": false,
              "skipped": true
            },
            {
              "title": "Test case 4: Verify the validation for Password",
              "fullTitle": "Validate user addition Test case 4: Verify the validation for Password",
              "timedOut": null,
              "duration": 0,
              "state": "skipped",
              "speed": null,
              "pass": false,
              "fail": false,
              "pending": false,
              "context": null,
              "code": "cy.visit(\"/admin/saveSystemUser\");\ncy.get(\"div.user-password-cell input\").type(\"admin\"); // < 7 chars\ncy.get(\"div.user-password-cell span\").should('contain', 'Should have at least 7 characters');\ncy.get('.oxd-chip').should('contain', 'Very Weak');\ncy.get(\"div.user-password-cell input\").clear();\ncy.get(\"div.user-password-cell input\").type(\"admindemo\"); // > 7 chars\ncy.get(\"div.user-password-cell span\").should('contain', 'Your password must contain minimum 1 number');\ncy.get('.oxd-chip').should('contain', 'Better');\ncy.get(\"div.user-password-cell input\").clear();\ncy.get(\"div.user-password-cell input\").type(\"Admindemo\"); //lowercase, uppercase\ncy.get('.oxd-chip').should('contain', 'Better');\ncy.get(\"div.user-password-cell input\").clear();\ncy.get(\"div.user-password-cell input\").type(\"Admindemo123\"); //lowercase, uppercase, number\ncy.get('.oxd-chip').should('contain', 'Strong');\ncy.get(\"div.user-password-cell input\").clear();\ncy.get(\"div.user-password-cell input\").type(\"Admin@123\"); //lowercase, uppercase, number, symbol\ncy.get('.oxd-chip').should('contain', 'Better');",
              "err": {},
              "uuid": "91290614-a59f-4fe8-a2fd-a67b99b26a5e",
              "parentUUID": "4a59d47b-6a3f-4339-b96d-93e44454b694",
              "isHook": false,
              "skipped": true
            },
            {
              "title": "Test case 5: Verify the validation for Confirm Password",
              "fullTitle": "Validate user addition Test case 5: Verify the validation for Confirm Password",
              "timedOut": null,
              "duration": 0,
              "state": "skipped",
              "speed": null,
              "pass": false,
              "fail": false,
              "pending": false,
              "context": null,
              "code": "cy.visit(\"/admin/saveSystemUser\");\ncy.get(\"div.user-password-row > div > div:nth-of-type(2) input\").type(\"Admin@1\");\ncy.get(\"div.user-password-row > div > div:nth-of-type(2) span\").should('contain', 'Passwords do not match');",
              "err": {},
              "uuid": "205687b2-548b-42bd-9fdd-2e2a1d428ca0",
              "parentUUID": "4a59d47b-6a3f-4339-b96d-93e44454b694",
              "isHook": false,
              "skipped": true
            }
          ],
          "suites": [],
          "passes": [],
          "failures": [
            "cfc084a2-b718-4ba3-86cd-bd0dcfd94fd3"
          ],
          "pending": [],
          "skipped": [
            "a6017d05-a93a-482d-be5a-c6834a8c0156",
            "0686475a-503d-4014-aa6d-779be95e14fd",
            "91290614-a59f-4fe8-a2fd-a67b99b26a5e",
            "205687b2-548b-42bd-9fdd-2e2a1d428ca0"
          ],
          "duration": 27834,
          "root": false,
          "rootEmpty": false,
          "_timeout": 2000
        }
      ],
      "passes": [],
      "failures": [],
      "pending": [],
      "skipped": [],
      "duration": 0,
      "root": true,
      "rootEmpty": true,
      "_timeout": 2000
    }
  ],
  "meta": {
    "mocha": {
      "version": "7.0.1"
    },
    "mochawesome": {
      "options": {
        "quiet": false,
        "reportFilename": "mochawesome",
        "saveHtml": true,
        "saveJson": true,
        "consoleReporter": "spec",
        "useInlineDiffs": false,
        "code": true
      },
      "version": "7.1.3"
    },
    "marge": {
      "options": null,
      "version": "6.2.0"
    }
  }
}